{2024-02-03 12:27:32}: Starting...
{2024-02-03 12:27:32}: Outlook is running. Checking for network connections
{2024-02-03 12:27:32}: Network not found. Attempt 1 of 10. Trying again in 60 seconds...
{2024-02-03 12:28:33}: Outlook is running. Checking for network connections
{2024-02-03 12:28:33}: Network not found. Attempt 2 of 10. Trying again in 60 seconds...
{2024-02-03 12:29:33}: Outlook is running. Checking for network connections
{2024-02-03 12:29:33}: Network not found. Attempt 3 of 10. Trying again in 60 seconds...
{2024-02-03 12:30:33}: Outlook is running. Checking for network connections
{2024-02-03 12:30:33}: Network not found. Attempt 4 of 10. Trying again in 60 seconds...
{2024-02-03 12:31:33}: Outlook is running. Checking for network connections
{2024-02-03 12:31:33}: Network not found. Attempt 5 of 10. Trying again in 60 seconds...
{2024-02-03 12:32:33}: Outlook is running. Checking for network connections
{2024-02-03 12:32:33}: Network not found. Attempt 6 of 10. Trying again in 60 seconds...
{2024-02-03 12:33:34}: Outlook is running. Checking for network connections
{2024-02-03 12:33:34}: Network not found. Attempt 7 of 10. Trying again in 60 seconds...
{2024-02-03 12:34:34}: Outlook is running. Checking for network connections
{2024-02-03 12:34:34}: Network not found. Attempt 8 of 10. Trying again in 60 seconds...
{2024-02-03 12:35:34}: Outlook is running. Checking for network connections
{2024-02-03 12:35:34}: Network not found. Attempt 9 of 10. Trying again in 60 seconds...
{2024-02-03 12:36:34}: Outlook is running. Checking for network connections
{2024-02-03 12:36:34}: Network not found. Attempt 10 of 10. Trying again in 60 seconds...
{2024-02-03 12:37:34}: Conditions not met. I've looked 10 times! I give up :(.
{2024-02-03 12:58:07}: Starting...
{2024-02-03 12:58:08}: Outlook is running. Checking for network connections
{2024-02-03 12:58:08}: Connection found continueing...
{2024-02-03 12:58:08}: Both conditions were met. Performing the actions...
{2024-02-03 12:58:42}: Starting...
{2024-02-03 12:58:42}: Outlook is not running. Attempt 1 of 10. Trying again in 60 seconds...
{2024-02-03 12:59:42}: Outlook is not running. Attempt 2 of 10. Trying again in 60 seconds...
{2024-02-03 13:00:42}: Outlook is not running. Attempt 3 of 10. Trying again in 60 seconds...
{2024-02-03 16:46:03}: Outlook is not running. Attempt 4 of 10. Trying again in 60 seconds...
